{"/Users/jasongates/Desktop/Leetcode/containsDuplicates/containsDuplicates.js": {"path":"/Users/jasongates/Desktop/Leetcode/containsDuplicates/containsDuplicates.js","statementMap":{"0":{"start":{"line":26,"column":17},"end":{"line":26,"column":31}},"1":{"start":{"line":27,"column":2},"end":{"line":27,"column":40}},"2":{"start":{"line":29,"column":0},"end":{"line":29,"column":36}}},"fnMap":{"0":{"name":"containsDuplicates","decl":{"start":{"line":23,"column":9},"end":{"line":23,"column":27}},"loc":{"start":{"line":23,"column":35},"end":{"line":28,"column":1}},"line":23}},"branchMap":{},"s":{"0":3,"1":3,"2":1},"f":{"0":3},"b":{},"_coverageSchema":"1a1c01bbd47fc00a2c39e90264f33305004495a9","hash":"e017d57703d514fa62d4ad80b976390d006efb0a"}
,"/Users/jasongates/Desktop/Leetcode/groupAnagrams/groupAnagrams.js": {"path":"/Users/jasongates/Desktop/Leetcode/groupAnagrams/groupAnagrams.js","statementMap":{"0":{"start":{"line":6,"column":22},"end":{"line":49,"column":3}},"1":{"start":{"line":7,"column":16},"end":{"line":34,"column":3}},"2":{"start":{"line":35,"column":17},"end":{"line":35,"column":19}},"3":{"start":{"line":36,"column":18},"end":{"line":36,"column":27}},"4":{"start":{"line":37,"column":2},"end":{"line":43,"column":5}},"5":{"start":{"line":38,"column":23},"end":{"line":38,"column":37}},"6":{"start":{"line":39,"column":4},"end":{"line":41,"column":5}},"7":{"start":{"line":40,"column":6},"end":{"line":40,"column":34}},"8":{"start":{"line":42,"column":4},"end":{"line":42,"column":39}},"9":{"start":{"line":45,"column":2},"end":{"line":47,"column":4}},"10":{"start":{"line":46,"column":4},"end":{"line":46,"column":21}},"11":{"start":{"line":48,"column":2},"end":{"line":48,"column":16}},"12":{"start":{"line":51,"column":19},"end":{"line":57,"column":1}},"13":{"start":{"line":52,"column":15},"end":{"line":52,"column":36}},"14":{"start":{"line":53,"column":2},"end":{"line":55,"column":3}},"15":{"start":{"line":54,"column":6},"end":{"line":54,"column":27}},"16":{"start":{"line":56,"column":2},"end":{"line":56,"column":25}},"17":{"start":{"line":59,"column":0},"end":{"line":59,"column":31}}},"fnMap":{"0":{"name":"(anonymous_0)","decl":{"start":{"line":6,"column":22},"end":{"line":6,"column":23}},"loc":{"start":{"line":6,"column":37},"end":{"line":49,"column":3}},"line":6},"1":{"name":"(anonymous_1)","decl":{"start":{"line":37,"column":15},"end":{"line":37,"column":16}},"loc":{"start":{"line":37,"column":23},"end":{"line":43,"column":3}},"line":37},"2":{"name":"(anonymous_2)","decl":{"start":{"line":45,"column":18},"end":{"line":45,"column":19}},"loc":{"start":{"line":45,"column":25},"end":{"line":47,"column":3}},"line":45},"3":{"name":"(anonymous_3)","decl":{"start":{"line":51,"column":19},"end":{"line":51,"column":20}},"loc":{"start":{"line":51,"column":34},"end":{"line":57,"column":1}},"line":51}},"branchMap":{"0":{"loc":{"start":{"line":39,"column":4},"end":{"line":41,"column":5}},"type":"if","locations":[{"start":{"line":39,"column":4},"end":{"line":41,"column":5}},{"start":{},"end":{}}],"line":39}},"s":{"0":1,"1":1,"2":1,"3":1,"4":1,"5":1,"6":0,"7":0,"8":0,"9":0,"10":0,"11":0,"12":1,"13":1,"14":1,"15":1,"16":0,"17":1},"f":{"0":1,"1":1,"2":0,"3":1},"b":{"0":[0,0]},"_coverageSchema":"1a1c01bbd47fc00a2c39e90264f33305004495a9","hash":"a1dc977ddbd8322d24a2b3062dd94ca04cb79ac7"}
,"/Users/jasongates/Desktop/Leetcode/validAnagram/validAnagram.js": {"path":"/Users/jasongates/Desktop/Leetcode/validAnagram/validAnagram.js","statementMap":{"0":{"start":{"line":1,"column":21},"end":{"line":24,"column":1}},"1":{"start":{"line":3,"column":4},"end":{"line":3,"column":56}},"2":{"start":{"line":3,"column":43},"end":{"line":3,"column":56}},"3":{"start":{"line":6,"column":14},"end":{"line":6,"column":23}},"4":{"start":{"line":9,"column":4},"end":{"line":12,"column":5}},"5":{"start":{"line":11,"column":8},"end":{"line":11,"column":49}},"6":{"start":{"line":15,"column":4},"end":{"line":22,"column":5}},"7":{"start":{"line":17,"column":8},"end":{"line":19,"column":9}},"8":{"start":{"line":18,"column":12},"end":{"line":18,"column":25}},"9":{"start":{"line":21,"column":8},"end":{"line":21,"column":44}},"10":{"start":{"line":23,"column":4},"end":{"line":23,"column":16}},"11":{"start":{"line":26,"column":0},"end":{"line":26,"column":30}}},"fnMap":{"0":{"name":"(anonymous_0)","decl":{"start":{"line":1,"column":21},"end":{"line":1,"column":22}},"loc":{"start":{"line":1,"column":48},"end":{"line":24,"column":1}},"line":1}},"branchMap":{"0":{"loc":{"start":{"line":3,"column":4},"end":{"line":3,"column":56}},"type":"if","locations":[{"start":{"line":3,"column":4},"end":{"line":3,"column":56}},{"start":{},"end":{}}],"line":3},"1":{"loc":{"start":{"line":11,"column":24},"end":{"line":11,"column":48}},"type":"binary-expr","locations":[{"start":{"line":11,"column":24},"end":{"line":11,"column":43}},{"start":{"line":11,"column":47},"end":{"line":11,"column":48}}],"line":11},"2":{"loc":{"start":{"line":17,"column":8},"end":{"line":19,"column":9}},"type":"if","locations":[{"start":{"line":17,"column":8},"end":{"line":19,"column":9}},{"start":{},"end":{}}],"line":17},"3":{"loc":{"start":{"line":17,"column":12},"end":{"line":17,"column":68}},"type":"binary-expr","locations":[{"start":{"line":17,"column":12},"end":{"line":17,"column":36}},{"start":{"line":17,"column":40},"end":{"line":17,"column":68}}],"line":17}},"s":{"0":1,"1":2,"2":0,"3":2,"4":2,"5":10,"6":2,"7":8,"8":1,"9":7,"10":1,"11":1},"f":{"0":2},"b":{"0":[0,2],"1":[10,8],"2":[1,7],"3":[8,8]},"_coverageSchema":"1a1c01bbd47fc00a2c39e90264f33305004495a9","hash":"c78653a7b59d23a0746b71f110fa8262db272aa9"}
}
