{"/Users/jasongates/Desktop/Leetcode/Container With Most Water/maxArea.js": {"path":"/Users/jasongates/Desktop/Leetcode/Container With Most Water/maxArea.js","statementMap":{"0":{"start":{"line":1,"column":16},"end":{"line":3,"column":1}},"1":{"start":{"line":5,"column":0},"end":{"line":5,"column":25}}},"fnMap":{"0":{"name":"(anonymous_0)","decl":{"start":{"line":1,"column":16},"end":{"line":1,"column":17}},"loc":{"start":{"line":1,"column":33},"end":{"line":3,"column":1}},"line":1}},"branchMap":{},"s":{"0":1,"1":1},"f":{"0":1},"b":{},"_coverageSchema":"1a1c01bbd47fc00a2c39e90264f33305004495a9","hash":"a7fc7f809c9217e0bc007afb7c67eaec1439ddf0"}
,"/Users/jasongates/Desktop/Leetcode/Contains Duplicates/containsDuplicates.js": {"path":"/Users/jasongates/Desktop/Leetcode/Contains Duplicates/containsDuplicates.js","statementMap":{"0":{"start":{"line":26,"column":17},"end":{"line":26,"column":31}},"1":{"start":{"line":27,"column":2},"end":{"line":27,"column":40}},"2":{"start":{"line":29,"column":0},"end":{"line":29,"column":36}}},"fnMap":{"0":{"name":"containsDuplicates","decl":{"start":{"line":23,"column":9},"end":{"line":23,"column":27}},"loc":{"start":{"line":23,"column":35},"end":{"line":28,"column":1}},"line":23}},"branchMap":{},"s":{"0":3,"1":3,"2":1},"f":{"0":3},"b":{},"_coverageSchema":"1a1c01bbd47fc00a2c39e90264f33305004495a9","hash":"37f504b2cd24289fc2c27fea47d373e625c2e322"}
,"/Users/jasongates/Desktop/Leetcode/Group Anagrams/groupAnagrams.js": {"path":"/Users/jasongates/Desktop/Leetcode/Group Anagrams/groupAnagrams.js","statementMap":{"0":{"start":{"line":6,"column":22},"end":{"line":58,"column":1}},"1":{"start":{"line":7,"column":16},"end":{"line":34,"column":3}},"2":{"start":{"line":35,"column":17},"end":{"line":35,"column":19}},"3":{"start":{"line":36,"column":18},"end":{"line":36,"column":27}},"4":{"start":{"line":38,"column":19},"end":{"line":44,"column":3}},"5":{"start":{"line":39,"column":17},"end":{"line":39,"column":38}},"6":{"start":{"line":40,"column":4},"end":{"line":42,"column":5}},"7":{"start":{"line":41,"column":8},"end":{"line":41,"column":29}},"8":{"start":{"line":43,"column":4},"end":{"line":43,"column":27}},"9":{"start":{"line":46,"column":2},"end":{"line":52,"column":5}},"10":{"start":{"line":47,"column":23},"end":{"line":47,"column":37}},"11":{"start":{"line":48,"column":4},"end":{"line":50,"column":5}},"12":{"start":{"line":49,"column":6},"end":{"line":49,"column":34}},"13":{"start":{"line":51,"column":4},"end":{"line":51,"column":39}},"14":{"start":{"line":54,"column":2},"end":{"line":56,"column":4}},"15":{"start":{"line":55,"column":4},"end":{"line":55,"column":21}},"16":{"start":{"line":57,"column":2},"end":{"line":57,"column":16}},"17":{"start":{"line":61,"column":0},"end":{"line":61,"column":31}}},"fnMap":{"0":{"name":"(anonymous_0)","decl":{"start":{"line":6,"column":22},"end":{"line":6,"column":23}},"loc":{"start":{"line":6,"column":37},"end":{"line":58,"column":1}},"line":6},"1":{"name":"(anonymous_1)","decl":{"start":{"line":38,"column":19},"end":{"line":38,"column":20}},"loc":{"start":{"line":38,"column":34},"end":{"line":44,"column":3}},"line":38},"2":{"name":"(anonymous_2)","decl":{"start":{"line":46,"column":15},"end":{"line":46,"column":16}},"loc":{"start":{"line":46,"column":23},"end":{"line":52,"column":3}},"line":46},"3":{"name":"(anonymous_3)","decl":{"start":{"line":54,"column":18},"end":{"line":54,"column":19}},"loc":{"start":{"line":54,"column":25},"end":{"line":56,"column":3}},"line":54}},"branchMap":{"0":{"loc":{"start":{"line":48,"column":4},"end":{"line":50,"column":5}},"type":"if","locations":[{"start":{"line":48,"column":4},"end":{"line":50,"column":5}},{"start":{},"end":{}}],"line":48}},"s":{"0":1,"1":1,"2":1,"3":1,"4":1,"5":6,"6":6,"7":18,"8":6,"9":1,"10":6,"11":6,"12":3,"13":6,"14":1,"15":3,"16":1,"17":1},"f":{"0":1,"1":6,"2":6,"3":3},"b":{"0":[3,3]},"_coverageSchema":"1a1c01bbd47fc00a2c39e90264f33305004495a9","hash":"fec42b25e20f3ca3587849cd6a6b64500ff1f5ee"}
,"/Users/jasongates/Desktop/Leetcode/Valid Anagram/validAnagram.js": {"path":"/Users/jasongates/Desktop/Leetcode/Valid Anagram/validAnagram.js","statementMap":{"0":{"start":{"line":1,"column":21},"end":{"line":24,"column":1}},"1":{"start":{"line":3,"column":4},"end":{"line":3,"column":56}},"2":{"start":{"line":3,"column":43},"end":{"line":3,"column":56}},"3":{"start":{"line":6,"column":14},"end":{"line":6,"column":23}},"4":{"start":{"line":9,"column":4},"end":{"line":12,"column":5}},"5":{"start":{"line":11,"column":8},"end":{"line":11,"column":49}},"6":{"start":{"line":15,"column":4},"end":{"line":22,"column":5}},"7":{"start":{"line":17,"column":8},"end":{"line":19,"column":9}},"8":{"start":{"line":18,"column":12},"end":{"line":18,"column":25}},"9":{"start":{"line":21,"column":8},"end":{"line":21,"column":44}},"10":{"start":{"line":23,"column":4},"end":{"line":23,"column":16}},"11":{"start":{"line":26,"column":0},"end":{"line":26,"column":30}}},"fnMap":{"0":{"name":"(anonymous_0)","decl":{"start":{"line":1,"column":21},"end":{"line":1,"column":22}},"loc":{"start":{"line":1,"column":48},"end":{"line":24,"column":1}},"line":1}},"branchMap":{"0":{"loc":{"start":{"line":3,"column":4},"end":{"line":3,"column":56}},"type":"if","locations":[{"start":{"line":3,"column":4},"end":{"line":3,"column":56}},{"start":{},"end":{}}],"line":3},"1":{"loc":{"start":{"line":11,"column":24},"end":{"line":11,"column":48}},"type":"binary-expr","locations":[{"start":{"line":11,"column":24},"end":{"line":11,"column":43}},{"start":{"line":11,"column":47},"end":{"line":11,"column":48}}],"line":11},"2":{"loc":{"start":{"line":17,"column":8},"end":{"line":19,"column":9}},"type":"if","locations":[{"start":{"line":17,"column":8},"end":{"line":19,"column":9}},{"start":{},"end":{}}],"line":17},"3":{"loc":{"start":{"line":17,"column":12},"end":{"line":17,"column":68}},"type":"binary-expr","locations":[{"start":{"line":17,"column":12},"end":{"line":17,"column":36}},{"start":{"line":17,"column":40},"end":{"line":17,"column":68}}],"line":17}},"s":{"0":1,"1":2,"2":0,"3":2,"4":2,"5":10,"6":2,"7":8,"8":1,"9":7,"10":1,"11":1},"f":{"0":2},"b":{"0":[0,2],"1":[10,8],"2":[1,7],"3":[8,8]},"_coverageSchema":"1a1c01bbd47fc00a2c39e90264f33305004495a9","hash":"466fbd360b784e766d91671c83d4a0692a067cbf"}
}
