TN:
SF:Container With Most Water/maxArea.js
FN:1,(anonymous_0)
FNF:1
FNH:1
FNDA:1,(anonymous_0)
DA:1,1
DA:5,1
LF:2
LH:2
BRF:0
BRH:0
end_of_record
TN:
SF:Contains Duplicates/containsDuplicates.js
FN:23,containsDuplicates
FNF:1
FNH:1
FNDA:3,containsDuplicates
DA:26,3
DA:27,3
DA:29,1
LF:3
LH:3
BRF:0
BRH:0
end_of_record
TN:
SF:Group Anagrams/groupAnagrams.js
FN:6,(anonymous_0)
FN:38,(anonymous_1)
FN:46,(anonymous_2)
FN:54,(anonymous_3)
FNF:4
FNH:4
FNDA:1,(anonymous_0)
FNDA:6,(anonymous_1)
FNDA:6,(anonymous_2)
FNDA:3,(anonymous_3)
DA:6,1
DA:7,1
DA:35,1
DA:36,1
DA:38,1
DA:39,6
DA:40,6
DA:41,18
DA:43,6
DA:46,1
DA:47,6
DA:48,6
DA:49,3
DA:51,6
DA:54,1
DA:55,3
DA:57,1
DA:61,1
LF:18
LH:18
BRDA:48,0,0,3
BRDA:48,0,1,3
BRF:2
BRH:2
end_of_record
TN:
SF:Valid Anagram/validAnagram.js
FN:1,(anonymous_0)
FNF:1
FNH:1
FNDA:2,(anonymous_0)
DA:1,1
DA:3,2
DA:6,2
DA:9,2
DA:11,10
DA:15,2
DA:17,8
DA:18,1
DA:21,7
DA:23,1
DA:26,1
LF:11
LH:11
BRDA:3,0,0,0
BRDA:3,0,1,2
BRDA:11,1,0,10
BRDA:11,1,1,8
BRDA:17,2,0,1
BRDA:17,2,1,7
BRDA:17,3,0,8
BRDA:17,3,1,8
BRF:8
BRH:7
end_of_record
