TN:
SF:containsDuplicates/containsDuplicates.js
FN:23,containsDuplicates
FNF:1
FNH:1
FNDA:3,containsDuplicates
DA:26,3
DA:27,3
DA:29,1
LF:3
LH:3
BRF:0
BRH:0
end_of_record
TN:
SF:groupAnagrams/groupAnagrams.js
FN:6,(anonymous_0)
FN:37,(anonymous_1)
FN:45,(anonymous_2)
FN:51,(anonymous_3)
FNF:4
FNH:3
FNDA:1,(anonymous_0)
FNDA:1,(anonymous_1)
FNDA:0,(anonymous_2)
FNDA:1,(anonymous_3)
DA:6,1
DA:7,1
DA:35,1
DA:36,1
DA:37,1
DA:38,1
DA:39,0
DA:40,0
DA:42,0
DA:45,0
DA:46,0
DA:48,0
DA:51,1
DA:52,1
DA:53,1
DA:54,1
DA:56,0
DA:59,1
LF:18
LH:11
BRDA:39,0,0,0
BRDA:39,0,1,0
BRF:2
BRH:0
end_of_record
TN:
SF:validAnagram/validAnagram.js
FN:1,(anonymous_0)
FNF:1
FNH:1
FNDA:2,(anonymous_0)
DA:1,1
DA:3,2
DA:6,2
DA:9,2
DA:11,10
DA:15,2
DA:17,8
DA:18,1
DA:21,7
DA:23,1
DA:26,1
LF:11
LH:11
BRDA:3,0,0,0
BRDA:3,0,1,2
BRDA:11,1,0,10
BRDA:11,1,1,8
BRDA:17,2,0,1
BRDA:17,2,1,7
BRDA:17,3,0,8
BRDA:17,3,1,8
BRF:8
BRH:7
end_of_record
